Building DAG of jobs...
Using shell: /bin/bash
Provided cores: 1 (use --cores to define parallelism)
Rules claiming more threads will be scaled down.
Conda environments: ignored
Job counts:
	count	jobs
	1	all
	1	create_csv
	1	create_fasta
	1	map_reads
	1	produce_histogram
	1	retrieve_reads
	6

[Sun Nov 29 12:26:50 2020]
rule retrieve_reads:
    output: data/SRR11801823_combined.fastq
    jobid: 5

[Sun Nov 29 12:27:07 2020]
Finished job 5.
1 of 6 steps (17%) done

[Sun Nov 29 12:27:07 2020]
rule map_reads:
    input: data/reference_sequence.fasta, data/SRR11801823_combined.fastq
    output: SRR11801823.alignments.sorted.bam
    jobid: 4

[Sun Nov 29 12:27:27 2020]
Finished job 4.
2 of 6 steps (33%) done

[Sun Nov 29 12:27:27 2020]
rule create_fasta:
    input: data/reference_sequence.fasta, SRR11801823.alignments.sorted.bam
    output: SRR11801823.fasta
    jobid: 3

[Sun Nov 29 12:28:34 2020]
Finished job 3.
3 of 6 steps (50%) done

[Sun Nov 29 12:28:34 2020]
rule create_csv:
    input: SRR11801823.fasta
    output: results/lineage_report.csv
    jobid: 1

[Sun Nov 29 12:29:04 2020]
Finished job 1.
4 of 6 steps (67%) done

[Sun Nov 29 12:29:04 2020]
rule produce_histogram:
    input: results/lineage_report.csv
    output: results/covid_histogram.png
    jobid: 2

[Sun Nov 29 12:29:07 2020]
Finished job 2.
5 of 6 steps (83%) done

[Sun Nov 29 12:29:07 2020]
localrule all:
    input: results/lineage_report.csv, results/covid_histogram.png
    jobid: 0

[Sun Nov 29 12:29:07 2020]
Finished job 0.
6 of 6 steps (100%) done
Complete log: /Users/owner/Documents/UBC/BIOF501A/term_project/biof501a-mbb659_jeremy_fan/.snakemake/log/2020-11-29T122650.584999.snakemake.log
