Building DAG of jobs...
Using shell: /bin/bash
Provided cores: 1 (use --cores to define parallelism)
Rules claiming more threads will be scaled down.
Job counts:
	count	jobs
	1	align_sort
	1
Select jobs to execute...

[Sat Nov 28 17:18:39 2020]
rule align_sort:
    jobid: 0

[Sat Nov 28 17:18:39 2020]
Error in rule align_sort:
    jobid: 0
    shell:
        
	pangolin 
        echo "done"
	
        (one of the commands exited with non-zero exit code; note that snakemake uses bash strict mode!)

Shutting down, this might take some time.
Exiting because a job execution failed. Look above for error message
Complete log: /Users/owner/Documents/UBC/BIOF501A/term_project/biof501a-mbb659_jeremy_fan/.snakemake/log/2020-11-28T171839.464231.snakemake.log
