Building DAG of jobs...
Using shell: /bin/bash
Provided cores: 1 (use --cores to define parallelism)
Rules claiming more threads will be scaled down.
Job counts:
	count	jobs
	1	all
	1	create_csv
	1	create_fasta
	1	map_reads
	1	produce_histogram
	5

[Sun Nov 29 19:38:58 2020]
rule map_reads:
    input: data/reference_sequence.fasta, data/SRR12960723_combined.fastq, data/SRR13091823_combined.fastq
    output: SRR12960723.alignments.sorted.bam, SRR11801823.alignments.sorted.bam
    jobid: 4

[Sun Nov 29 19:39:41 2020]
Finished job 4.
1 of 5 steps (20%) done

[Sun Nov 29 19:39:41 2020]
rule create_fasta:
    input: data/reference_sequence.fasta, SRR12960723.alignments.sorted.bam, SRR11801823.alignments.sorted.bam
    output: combined.fasta
    jobid: 3

[Sun Nov 29 19:40:31 2020]
Finished job 3.
2 of 5 steps (40%) done

[Sun Nov 29 19:40:31 2020]
rule create_csv:
    input: combined.fasta
    output: results/lineage_report.csv
    jobid: 1

[Sun Nov 29 19:41:01 2020]
Finished job 1.
3 of 5 steps (60%) done

[Sun Nov 29 19:41:01 2020]
rule produce_histogram:
    input: results/lineage_report.csv
    output: results/covid_histogram.png
    jobid: 2

[Sun Nov 29 19:41:03 2020]
Finished job 2.
4 of 5 steps (80%) done

[Sun Nov 29 19:41:03 2020]
localrule all:
    input: results/lineage_report.csv, results/covid_histogram.png
    jobid: 0

[Sun Nov 29 19:41:03 2020]
Finished job 0.
5 of 5 steps (100%) done
Complete log: /Users/owner/Documents/UBC/BIOF501A/term_project/biof501a-mbb659_jeremy_fan/.snakemake/log/2020-11-29T193858.678025.snakemake.log
