Building DAG of jobs...
Using shell: /bin/bash
Provided cores: 1 (use --cores to define parallelism)
Rules claiming more threads will be scaled down.
Conda environments: ignored
Job counts:
	count	jobs
	1	all
	1	create_csv
	1	produce_histogram
	3

[Sun Nov 29 12:25:47 2020]
rule create_csv:
    input: SRR11801823.fasta
    output: results/lineage_report.csv
    jobid: 1

Terminating processes on user request, this might take some time.
[Sun Nov 29 12:26:16 2020]
Error in rule create_csv:
    jobid: 1
    output: results/lineage_report.csv
    shell:
        
        pangolin SRR11801823.fasta -o results
        
        (one of the commands exited with non-zero exit code; note that snakemake uses bash strict mode!)

Complete log: /Users/owner/Documents/UBC/BIOF501A/term_project/biof501a-mbb659_jeremy_fan/.snakemake/log/2020-11-29T122547.536457.snakemake.log
