Building DAG of jobs...
Using shell: /bin/bash
Provided cores: 1 (use --cores to define parallelism)
Rules claiming more threads will be scaled down.
Job counts:
	count	jobs
	1	all
	1	create_csv
	1	produce_histogram
	3

[Sun Nov 29 20:52:27 2020]
rule create_csv:
    input: combined.fasta
    output: results/lineage_report.csv
    jobid: 1

[Sun Nov 29 20:52:54 2020]
Finished job 1.
1 of 3 steps (33%) done

[Sun Nov 29 20:52:54 2020]
rule produce_histogram:
    input: results/lineage_report.csv
    output: results/covid_histogram.png
    jobid: 2

[Sun Nov 29 20:52:55 2020]
Finished job 2.
2 of 3 steps (67%) done

[Sun Nov 29 20:52:55 2020]
localrule all:
    input: results/lineage_report.csv, results/covid_histogram.png
    jobid: 0

[Sun Nov 29 20:52:55 2020]
Finished job 0.
3 of 3 steps (100%) done
Complete log: /Users/owner/Documents/UBC/BIOF501A/term_project/biof501a-mbb659_jeremy_fan/.snakemake/log/2020-11-29T205226.986197.snakemake.log
