Building DAG of jobs...
Using shell: /bin/bash
Provided cores: 1 (use --cores to define parallelism)
Rules claiming more threads will be scaled down.
Job counts:
	count	jobs
	1	create_csv
	1

[Sun Nov 29 20:24:42 2020]
rule create_csv:
    input: SRR11801823.fasta, SRR12960723.fasta
    output: results/lineage_report.csv
    jobid: 0

[Sun Nov 29 20:24:42 2020]
Error in rule create_csv:
    jobid: 0
    output: results/lineage_report.csv
    shell:
        
        cat SRR11801823.fasta SRR12960723.fasta  > combined.fasta
        python3 replace_header.py
        pangolin combined.fasta -o results --outfile lineage_report.csv
        
        (one of the commands exited with non-zero exit code; note that snakemake uses bash strict mode!)

Shutting down, this might take some time.
Exiting because a job execution failed. Look above for error message
Complete log: /Users/owner/Documents/UBC/BIOF501A/term_project/biof501a-mbb659_jeremy_fan/.snakemake/log/2020-11-29T202442.076447.snakemake.log
