Building DAG of jobs...
Using shell: /bin/bash
Provided cores: 1 (use --cores to define parallelism)
Rules claiming more threads will be scaled down.
Job counts:
	count	jobs
	1	all
	1	create_csv
	1	create_fasta
	1	produce_histogram
	4

[Sun Nov 29 19:42:01 2020]
rule create_fasta:
    input: data/reference_sequence.fasta, SRR12960723.alignments.sorted.bam, SRR11801823.alignments.sorted.bam
    output: combined.fasta
    jobid: 3

[Sun Nov 29 19:42:44 2020]
Finished job 3.
1 of 4 steps (25%) done

[Sun Nov 29 19:42:44 2020]
rule create_csv:
    input: combined.fasta
    output: results/lineage_report.csv
    jobid: 1

[Sun Nov 29 19:43:14 2020]
Finished job 1.
2 of 4 steps (50%) done

[Sun Nov 29 19:43:14 2020]
rule produce_histogram:
    input: results/lineage_report.csv
    output: results/covid_histogram.png
    jobid: 2

[Sun Nov 29 19:43:15 2020]
Finished job 2.
3 of 4 steps (75%) done

[Sun Nov 29 19:43:15 2020]
localrule all:
    input: results/lineage_report.csv, results/covid_histogram.png
    jobid: 0

[Sun Nov 29 19:43:15 2020]
Finished job 0.
4 of 4 steps (100%) done
Complete log: /Users/owner/Documents/UBC/BIOF501A/term_project/biof501a-mbb659_jeremy_fan/.snakemake/log/2020-11-29T194201.820579.snakemake.log
