Building DAG of jobs...
Using shell: /bin/bash
Provided cores: 1 (use --cores to define parallelism)
Rules claiming more threads will be scaled down.
Conda environments: ignored
Job counts:
	count	jobs
	1	all
	1	create_csv
	1	create_fasta
	1	map_reads
	1	retrieve_reads
	5

[Sun Nov 29 11:03:00 2020]
rule retrieve_reads:
    output: data/SRR11801823_combined.fastq
    jobid: 4

[Sun Nov 29 11:03:16 2020]
Finished job 4.
1 of 5 steps (20%) done

[Sun Nov 29 11:03:16 2020]
rule map_reads:
    input: data/reference_sequence.fasta, data/SRR11801823_combined.fastq
    output: SRR11801823.alignments.sorted.bam
    jobid: 3

[Sun Nov 29 11:03:34 2020]
Finished job 3.
2 of 5 steps (40%) done

[Sun Nov 29 11:03:34 2020]
rule create_fasta:
    input: data/reference_sequence.fasta, SRR11801823.alignments.sorted.bam
    output: SRR11801823.fasta
    jobid: 2

[Sun Nov 29 11:04:38 2020]
Finished job 2.
3 of 5 steps (60%) done

[Sun Nov 29 11:04:38 2020]
rule create_csv:
    input: SRR11801823.fasta
    output: results/lineage_report.csv
    jobid: 1

[Sun Nov 29 11:05:10 2020]
Finished job 1.
4 of 5 steps (80%) done

[Sun Nov 29 11:05:10 2020]
localrule all:
    input: results/lineage_report.csv
    jobid: 0

[Sun Nov 29 11:05:10 2020]
Finished job 0.
5 of 5 steps (100%) done
Complete log: /Users/owner/Documents/UBC/BIOF501A/term_project/biof501a-mbb659_jeremy_fan/.snakemake/log/2020-11-29T110300.284576.snakemake.log
