Building DAG of jobs...
Using shell: /bin/bash
Provided cores: 1 (use --cores to define parallelism)
Rules claiming more threads will be scaled down.
Conda environments: ignored
Job counts:
	count	jobs
	1	create_fasta
	1
Select jobs to execute...

[Sun Nov 29 10:41:09 2020]
rule create_fasta:
    input: data/reference_sequence.fasta, SRR11801823.alignments.sorted.bam
    output: SRR11801823.fasta
    jobid: 0

[Sun Nov 29 10:41:09 2020]
Error in rule create_fasta:
    jobid: 0
    output: SRR11801823.fasta
    shell:
        
        samtools mpileup -uf data/reference_sequence.fasta SRR11801823.alignments.sorted.bam| bcftools call -c | vcfutils.pl vcf2fq > covid.fastq
        seqtk seq -aQ64 -q20 -n N covid.fastq > SRR11801823.fasta
        
        (one of the commands exited with non-zero exit code; note that snakemake uses bash strict mode!)

Shutting down, this might take some time.
Exiting because a job execution failed. Look above for error message
Complete log: /Users/owner/Documents/UBC/BIOF501A/term_project/biof501a-mbb659_jeremy_fan/.snakemake/log/2020-11-29T104109.016727.snakemake.log
